0 info it worked if it ends with ok
1 verbose cli [ 'D:\\Program Files\\nodejs\\\\node.exe',
1 verbose cli   'D:\\Program Files\\nodejs\\node_modules\\npm\\bin\\npm-cli.js',
1 verbose cli   'publish' ]
2 info using npm@1.4.28
3 info using node@v0.10.35
4 verbose node symlink D:\Program Files\nodejs\\node.exe
5 verbose publish [ '.' ]
6 verbose cache add [ '.', null ]
7 verbose cache add name=undefined spec="." args=[".",null]
8 verbose parsed url { protocol: null,
8 verbose parsed url   slashes: null,
8 verbose parsed url   auth: null,
8 verbose parsed url   host: null,
8 verbose parsed url   port: null,
8 verbose parsed url   hostname: null,
8 verbose parsed url   hash: null,
8 verbose parsed url   search: null,
8 verbose parsed url   query: null,
8 verbose parsed url   pathname: '.',
8 verbose parsed url   path: '.',
8 verbose parsed url   href: '.' }
9 silly lockFile 3a52ce78- .
10 verbose lock . C:\Users\Administrator\AppData\Roaming\npm-cache\3a52ce78-.lock
11 verbose tar pack [ 'C:\\Users\\Administrator\\AppData\\Roaming\\npm-cache\\dim\\0.3.5-4\\package.tgz',
11 verbose tar pack   '.' ]
12 verbose tarball C:\Users\Administrator\AppData\Roaming\npm-cache\dim\0.3.5-4\package.tgz
13 verbose folder .
14 info prepublish dim@0.3.5-4
15 silly lockFile 1f1177db-tar tar://.
16 verbose lock tar://. C:\Users\Administrator\AppData\Roaming\npm-cache\1f1177db-tar.lock
17 silly lockFile ed7d4812-pm-cache-dim-0-3-5-4-package-tgz tar://C:\Users\Administrator\AppData\Roaming\npm-cache\dim\0.3.5-4\package.tgz
18 verbose lock tar://C:\Users\Administrator\AppData\Roaming\npm-cache\dim\0.3.5-4\package.tgz C:\Users\Administrator\AppData\Roaming\npm-cache\ed7d4812-pm-cache-dim-0-3-5-4-package-tgz.lock
19 silly lockFile 1f1177db-tar tar://.
20 silly lockFile 1f1177db-tar tar://.
21 silly lockFile ed7d4812-pm-cache-dim-0-3-5-4-package-tgz tar://C:\Users\Administrator\AppData\Roaming\npm-cache\dim\0.3.5-4\package.tgz
22 silly lockFile ed7d4812-pm-cache-dim-0-3-5-4-package-tgz tar://C:\Users\Administrator\AppData\Roaming\npm-cache\dim\0.3.5-4\package.tgz
23 silly lockFile 84e76d14-ng-npm-cache-dim-0-3-5-4-package C:\Users\Administrator\AppData\Roaming\npm-cache\dim\0.3.5-4\package
24 verbose lock C:\Users\Administrator\AppData\Roaming\npm-cache\dim\0.3.5-4\package C:\Users\Administrator\AppData\Roaming\npm-cache\84e76d14-ng-npm-cache-dim-0-3-5-4-package.lock
25 silly lockFile 84e76d14-ng-npm-cache-dim-0-3-5-4-package C:\Users\Administrator\AppData\Roaming\npm-cache\dim\0.3.5-4\package
26 silly lockFile 84e76d14-ng-npm-cache-dim-0-3-5-4-package C:\Users\Administrator\AppData\Roaming\npm-cache\dim\0.3.5-4\package
27 silly lockFile 3a52ce78- .
28 silly lockFile 3a52ce78- .
29 silly publish { name: 'dim',
29 silly publish   version: '0.3.5-4',
29 silly publish   description: 'Develop in modularization of front-end',
29 silly publish   main: 'index.js',
29 silly publish   preferGlobal: true,
29 silly publish   bin: { dim: 'bin/scrat' },
29 silly publish   scripts: { test: 'echo "Error: no test specified" && exit 1' },
29 silly publish   keywords: [ 'fis', 'uc' ],
29 silly publish   repository: { type: 'git', url: 'https://github.com/fouber/scrat.git' },
29 silly publish   dependencies:
29 silly publish    { fis: '1.7.14',
29 silly publish      'fis-lint-jshint': '0.0.9',
29 silly publish      'fis-optimizer-html-minifier': '0.0.9',
29 silly publish      'fis-parser-handlebars': '0.0.1',
29 silly publish      'fis-parser-marked': '0.0.5',
29 silly publish      'scrat-command-init': '0.1.2',
29 silly publish      'scrat-command-install': '0.1.5-2',
29 silly publish      'scrat-command-server': '0.0.11',
29 silly publish      'scrat-parser-stylus': '0.0.4',
29 silly publish      'scrat-preprocessor-nightcss': '0.1.0',
29 silly publish      xmldom: '0.1.19' },
29 silly publish   author: { name: 'fouber' },
29 silly publish   license: 'MIT',
29 silly publish   gitHead: '8619a489f251c3f3bc8724dd2300e8fc249caea5',
29 silly publish   readme: '# dim\r\nDevelop In Modularization\r\n',
29 silly publish   readmeFilename: 'README.md',
29 silly publish   bugs: { url: 'https://github.com/fouber/scrat/issues' },
29 silly publish   homepage: 'https://github.com/fouber/scrat',
29 silly publish   _id: 'dim@0.3.5-4',
29 silly publish   _shasum: '3a49e8a2b82d88e0bf14013f48ed6c6318a22ba5',
29 silly publish   _from: '.' }
30 verbose request where is /dim
31 verbose request registry https://registry.npmjs.org/
32 verbose request id e28d125b0a5a10d0
33 verbose url raw /dim
34 verbose url resolving [ 'https://registry.npmjs.org/', './dim' ]
35 verbose url resolved https://registry.npmjs.org/dim
36 verbose request where is https://registry.npmjs.org/dim
37 info trying registry request attempt 1 at 01:02:47
38 http PUT https://registry.npmjs.org/dim
39 http 403 https://registry.npmjs.org/dim
40 verbose headers { date: 'Thu, 12 Mar 2015 17:02:55 GMT',
40 verbose headers   server: 'CouchDB/1.5.0 (Erlang OTP/R16B03)',
40 verbose headers   'content-type': 'application/json',
40 verbose headers   'cache-control': 'max-age=60',
40 verbose headers   'content-length': '2922',
40 verbose headers   'accept-ranges': 'bytes',
40 verbose headers   via: '1.1 varnish',
40 verbose headers   'x-served-by': 'cache-nrt6132-NRT',
40 verbose headers   'x-cache': 'MISS',
40 verbose headers   'x-cache-hits': '0',
40 verbose headers   'x-timer': 'S1426179775.244507,VS0,VE523',
40 verbose headers   'keep-alive': 'timeout=10, max=50',
40 verbose headers   connection: 'Keep-Alive' }
41 error publish Failed PUT 403
42 error Error: forbidden cannot modify pre-existing version: 0.3.5-4
42 error old={"name":"dim","version":"0.3.5-4","description":"uc front-end integrated solution","main":"index.js","preferGlobal":true,"bin":{"dim":"bin/scrat"},"scripts":{"test":"echo \"Error: no test specified\" && exit 1"},"keywords":["fis","uc"],"repository":{"type":"git","url":"https://github.com/fouber/scrat.git"},"dependencies":{"fis":"1.7.14","fis-lint-jshint":"0.0.9","fis-optimizer-html-minifier":"0.0.9","fis-parser-handlebars":"0.0.1","fis-parser-marked":"0.0.5","scrat-command-init":"0.1.2","scrat-command-install":"0.1.5-2","scrat-command-server":"0.0.11","scrat-parser-stylus":"0.0.4","scrat-preprocessor-nightcss":"0.1.0","xmldom":"0.1.19"},"author":{"name":"fouber"},"license":"MIT","gitHead":"950edbacc7054d8db0175f485ebc185e48a6eefe","bugs":{"url":"https://github.com/fouber/scrat/issues"},"homepage":"https://github.com/fouber/scrat","_id":"dim@0.3.5-4","_shasum":"e902a968fec38b8b871044005b16da82502acfeb","_from":".","_npmVersion":"1.4.28","_npmUser":{"name":"jerrold","email":"lijiayouyj@163.com"},"maintainers":[{"name":"jerrold","email":"lijiayouyj@163.com"}],"dist":{"shasum":"e902a968fec38b8b871044005b16da82502acfeb","tarball":"http://registry.npmjs.org/dim/-/dim-0.3.5-4.tgz"}}
42 error new={"name":"dim","version":"0.3.5-4","description":"Develop in modularization of front-end","main":"index.js","preferGlobal":true,"bin":{"dim":"bin/scrat"},"scripts":{"test":"echo \"Error: no test specified\" && exit 1"},"keywords":["fis","uc"],"repository":{"type":"git","url":"https://github.com/fouber/scrat.git"},"dependencies":{"fis":"1.7.14","fis-lint-jshint":"0.0.9","fis-optimizer-html-minifier":"0.0.9","fis-parser-handlebars":"0.0.1","fis-parser-marked":"0.0.5","scrat-command-init":"0.1.2","scrat-command-install":"0.1.5-2","scrat-command-server":"0.0.11","scrat-parser-stylus":"0.0.4","scrat-preprocessor-nightcss":"0.1.0","xmldom":"0.1.19"},"author":{"name":"fouber"},"license":"MIT","gitHead":"8619a489f251c3f3bc8724dd2300e8fc249caea5","readme":"# dim\u000d\u000aDevelop In Modularization\u000d\u000a","readmeFilename":"README.md","bugs":{"url":"https://github.com/fouber/scrat/issues"},"homepage":"https://github.com/fouber/scrat","_id":"dim@0.3.5-4","_shasum":"3a49e8a2b82d88e0bf14013f48ed6c6318a22ba5","_from":".","_npmVersion":"1.4.28","_npmUser":{"name":"jerrold","email":"lijiayouyj@163.com"},"maintainers":[{"name":"jerrold","email":"lijiayouyj@163.com"}],"dist":{"shasum":"3a49e8a2b82d88e0bf14013f48ed6c6318a22ba5","tarball":"http://registry.npmjs.org/dim/-/dim-0.3.5-4.tgz"}}: dim
42 error     at RegClient.<anonymous> (D:\Program Files\nodejs\node_modules\npm\node_modules\npm-registry-client\lib\request.js:308:14)
42 error     at Request._callback (D:\Program Files\nodejs\node_modules\npm\node_modules\npm-registry-client\lib\request.js:246:65)
42 error     at Request.self.callback (D:\Program Files\nodejs\node_modules\npm\node_modules\request\request.js:236:22)
42 error     at Request.emit (events.js:98:17)
42 error     at Request.<anonymous> (D:\Program Files\nodejs\node_modules\npm\node_modules\request\request.js:1142:14)
42 error     at Request.emit (events.js:117:20)
42 error     at IncomingMessage.<anonymous> (D:\Program Files\nodejs\node_modules\npm\node_modules\request\request.js:1096:12)
42 error     at IncomingMessage.emit (events.js:117:20)
42 error     at _stream_readable.js:944:16
42 error     at process._tickCallback (node.js:442:13)
43 error If you need help, you may report this *entire* log,
43 error including the npm and node versions, at:
43 error     <http://github.com/npm/npm/issues>
44 error System Windows_NT 6.1.7601
45 error command "D:\\Program Files\\nodejs\\\\node.exe" "D:\\Program Files\\nodejs\\node_modules\\npm\\bin\\npm-cli.js" "publish"
46 error cwd F:\nodejs\dim
47 error node -v v0.10.35
48 error npm -v 1.4.28
49 verbose exit [ 1, true ]
